<?xml version="1.0" encoding="UTF-8"?>
<!-- Generated by org.testng.reporters.JUnitReportReporter -->
<testsuite hostname="D-AGSANT-21" failures="0" tests="1" name="com.SmartRecycle.QA.Automation.ForgetPage" time="5.236" errors="0" timestamp="2023-08-28T11:53:06 IST" skipped="0">
  <testcase classname="com.SmartRecycle.QA.Automation.ForgetPage" name="VerifyFrpwdwithInvalidata" time="5.236"/>
</testsuite> <!-- com.SmartRecycle.QA.Automation.ForgetPage -->
