<?xml version="1.0" encoding="UTF-8"?>
<!-- Generated by org.testng.reporters.JUnitReportReporter -->
<testsuite hostname="D-AGSANT-21" failures="0" tests="5" name="com.SmartRecycle.QA.Automation.LoginTest" time="21.850" errors="0" timestamp="2023-09-04T12:26:20 IST" skipped="0">
  <testcase classname="com.SmartRecycle.QA.Automation.LoginTest" name="verifywithValiddata" time="7.191"/>
  <testcase classname="com.SmartRecycle.QA.Automation.LoginTest" name="verifyCompanyrights" time="3.421"/>
  <testcase classname="com.SmartRecycle.QA.Automation.LoginTest" name="verifywithNodata" time="3.759"/>
  <testcase classname="com.SmartRecycle.QA.Automation.LoginTest" name="verifyemptyUNwithvalidPw" time="3.684"/>
  <testcase classname="com.SmartRecycle.QA.Automation.LoginTest" name="verifywithEmptypassword" time="3.795"/>
</testsuite> <!-- com.SmartRecycle.QA.Automation.LoginTest -->
