<?xml version="1.0" encoding="UTF-8"?>
<!-- Generated by org.testng.reporters.JUnitReportReporter -->
<testsuite hostname="D-AGSANT-21" failures="0" tests="3" name="com.SmartRecycle.QA.Automation.ResetPasswordTest" time="27.464" errors="0" timestamp="2023-09-04T12:26:20 IST" skipped="0">
  <testcase classname="com.SmartRecycle.QA.Automation.ResetPasswordTest" name="verifyOtpFeild" time="9.064"/>
  <testcase classname="com.SmartRecycle.QA.Automation.ResetPasswordTest" name="verifyNewpasswordfeild" time="9.517"/>
  <testcase classname="com.SmartRecycle.QA.Automation.ResetPasswordTest" name="verifyConfirmpwd" time="8.883"/>
</testsuite> <!-- com.SmartRecycle.QA.Automation.ResetPasswordTest -->
