<?xml version="1.0" encoding="UTF-8"?>
<!-- Generated by org.testng.reporters.JUnitReportReporter -->
<testsuite hostname="D-AGSANT-21" failures="0" tests="4" name="com.SmartRecycle.QA.Automation.ForgetPageTest" time="28.814" errors="0" timestamp="2023-09-04T12:26:20 IST" skipped="0">
  <testcase classname="com.SmartRecycle.QA.Automation.ForgetPageTest" name="verifyForgetpasswordLink" time="3.907"/>
  <testcase classname="com.SmartRecycle.QA.Automation.ForgetPageTest" name="Verifyfrpwwithvalidemail" time="13.356"/>
  <testcase classname="com.SmartRecycle.QA.Automation.ForgetPageTest" name="VerifyFrpwdwithInvalidata" time="4.139"/>
  <testcase classname="com.SmartRecycle.QA.Automation.ForgetPageTest" name="VerifySigninbtn" time="7.412"/>
</testsuite> <!-- com.SmartRecycle.QA.Automation.ForgetPageTest -->
